android/build/intermediates/manifest_merge_blame_file/debug/manifest-merger-blame-debug-report.txt
1<?xml version="1.0" encoding="utf-8"?>
2<manifest xmlns:android="http://schemas.android.com/apk/res/android"
3    package="io.invertase.notifee" >
4
5    <uses-sdk
6        android:minSdkVersion="21"
6-->src/main/AndroidManifest.xml
7        android:targetSdkVersion="33" />
7-->src/main/AndroidManifest.xml
8
9    <application>
9-->src/main/AndroidManifest.xml:5:3-11:17
10        <provider
10-->src/main/AndroidManifest.xml:6:5-10:34
11            android:name="io.invertase.notifee.NotifeeInitProvider"
11-->src/main/AndroidManifest.xml:7:7-42
12            android:authorities="${applicationId}.notifee-init-provider"
12-->src/main/AndroidManifest.xml:8:7-67
13            android:exported="false"
13-->src/main/AndroidManifest.xml:9:7-31
14            android:initOrder="-100" />
14-->src/main/AndroidManifest.xml:10:7-31
15    </application>
16
17</manifest>